<?xml version="1.0" encoding="UTF-8"?>
<!-- Generated by org.testng.reporters.JUnitReportReporter -->
<testsuite hostname="DESKTOP-NG78RF2" failures="0" tests="1" name="com.testng.selenium.TestNGSelenium.StandAloneTest" time="0.006" errors="0" timestamp="2023-03-28T10:31:00 CEST" skipped="0">
  <testcase classname="com.testng.selenium.TestNGSelenium.StandAloneTest" name="test" time="0.006"/>
  <system-out/>
</testsuite> <!-- com.testng.selenium.TestNGSelenium.StandAloneTest -->
